<?xml version="1.0" encoding="UTF-8"?>
<testsuite name="CaesarCipherTest" tests="2" skipped="0" failures="0" errors="0" timestamp="2022-04-11T21:16:22" hostname="Mallays-MBP.fios-router.home" time="0.027">
  <properties/>
  <testcase name="testCipheredMessageWithOffsetOf12()" classname="CaesarCipherTest" time="0.025"/>
  <testcase name="testEmptyString()" classname="CaesarCipherTest" time="0.001"/>
  <system-out><![CDATA[]]></system-out>
  <system-err><![CDATA[]]></system-err>
</testsuite>
